2018-05-27 22:41:47.519 7fcd225ca700 15 osd.0 20 enqueue_op 0x55c8aadc0a80 prio 127 cost 1989925 latency 0.001535 epoch 20 osd_repop(client.4198.0:1 1.3 e20/15) v2
2018-05-27 22:41:47.519 7fcd225ca700 20 osd.0 op_wq(3) _enqueue OpQueueItem(1.3 PGOpItem(op=osd_repop(client.4198.0:1 1.3 e20/15) v2) prio 127 cost 1989925 e20)
2018-05-27 22:41:47.520 7fccffd89700 20 osd.0 op_wq(3) _process 1.3 to_process <> waiting <> waiting_peering {}
2018-05-27 22:41:47.520 7fccffd89700 20 osd.0 op_wq(3) _process OpQueueItem(1.3 PGOpItem(op=osd_repop(client.4198.0:1 1.3 e20/15) v2) prio 127 cost 1989925 e20) queued
2018-05-27 22:41:47.520 7fccffd89700 20 osd.0 op_wq(3) _process 1.3 to_process <OpQueueItem(1.3 PGOpItem(op=osd_repop(client.4198.0:1 1.3 e20/15) v2) prio 127 cost 1989925 e20)> waiting <> waiting_peering {}
2018-05-27 22:41:47.520 7fccffd89700 20 osd.0 op_wq(3) _process OpQueueItem(1.3 PGOpItem(op=osd_repop(client.4198.0:1 1.3 e20/15) v2) prio 127 cost 1989925 e20) pg 0x55c8aa059400
2018-05-27 22:41:47.520 7fccffd89700 10 osd.0 20 dequeue_op 0x55c8aadc0a80 prio 127 cost 1989925 latency 0.001694 osd_repop(client.4198.0:1 1.3 e20/15) v2 pg pg[1.3( v 20'11 (0'0,20'11] local-lis/les=15/16 n=1 ec=15/15 lis/c 15/15 les/c/f 16/16/0 15/15/15) [1,2,0] r=2 lpr=16 luod=0'0 lua=0'0 crt=20'11 lcod 20'10 active mbc={}]
2018-05-27 22:41:47.520 7fccffd89700 10 osd.0 pg_epoch: 20 pg[1.3( v 20'11 (0'0,20'11] local-lis/les=15/16 n=1 ec=15/15 lis/c 15/15 les/c/f 16/16/0 15/15/15) [1,2,0] r=2 lpr=16 luod=0'0 lua=0'0 crt=20'11 lcod 20'10 active mbc={}] _handle_message: 0x55c8aadc0a80
2018-05-27 22:41:47.520 7fccffd89700 10 osd.0 pg_epoch: 20 pg[1.3( v 20'11 (0'0,20'11] local-lis/les=15/16 n=1 ec=15/15 lis/c 15/15 les/c/f 16/16/0 15/15/15) [1,2,0] r=2 lpr=16 luod=0'0 lua=0'0 crt=20'11 lcod 20'10 active mbc={}] do_repop 1:dd5921e3:::test_object_crane:head v 20'12 (transaction) 157
2018-05-27 22:41:47.520 7fccffd89700 10 osd.0 pg_epoch: 20 pg[1.3( v 20'11 (0'0,20'11] local-lis/les=15/16 n=1 ec=15/15 lis/c 15/15 les/c/f 16/16/0 15/15/15) [1,2,0] r=2 lpr=16 luod=0'0 lua=0'0 crt=20'11 lcod 20'10 active mbc={}] append_log log((0'0,20'11], crt=20'11) [20'12 (20'11) modify   1:dd5921e3:::test_object_crane:head by client.4198.0:1 2018-05-27 22:41:47.513236 0]
2018-05-27 22:41:47.520 7fccffd89700 10 osd.0 pg_epoch: 20 pg[1.3( v 20'12 (0'0,20'12] local-lis/les=15/16 n=1 ec=15/15 lis/c 15/15 les/c/f 16/16/0 15/15/15) [1,2,0] r=2 lpr=16 luod=0'0 lua=0'0 crt=20'11 lcod 20'10 active mbc={}] add_log_entry 20'12 (20'11) modify   1:dd5921e3:::test_object_crane:head by client.4198.0:1 2018-05-27 22:41:47.513236 0
2018-05-27 22:41:47.520 7fccffd89700 20 osd.0 pg_epoch: 20 pg[1.3( v 20'12 (0'0,20'12] local-lis/les=15/16 n=1 ec=15/15 lis/c 15/15 les/c/f 16/16/0 15/15/15) [1,2,0] r=2 lpr=16 luod=0'0 lua=0'0 crt=20'12 lcod 20'10 active mbc={}] rollforward: entry=20'12 (20'11) modify   1:dd5921e3:::test_object_crane:head by client.4198.0:1 2018-05-27 22:41:47.513236 0
2018-05-27 22:41:47.520 7fccffd89700  5 write_log_and_missing with: dirty_to: 0'0, dirty_from: 4294967295'18446744073709551615, writeout_from: 20'12, trimmed: , trimmed_dups: , clear_divergent_priors: 0
2018-05-27 22:41:47.521 7fccffd89700 10 stupidalloc 0x0x55c8a783cfc0 allocate_int want_size 0x1e4000 alloc_unit 0x4000 hint 0x0
2018-05-27 22:41:47.521 7fccffd89700 20 bdev(0x55c8a7830700 /home/cranechu/ceph/build/dev/osd0/block) aio_write 0x1578000~10000 (direct)
2018-05-27 22:41:47.521 7fccffd89700 20 bdev(0x55c8a7830700 /home/cranechu/ceph/build/dev/osd0/block) _aio_log_start 0x1578000~10000
2018-05-27 22:41:47.521 7fccffd89700  5 bdev(0x55c8a7830700 /home/cranechu/ceph/build/dev/osd0/block) aio_write 0x1578000~10000 aio 0x55c8a7a80510
2018-05-27 22:41:47.521 7fccffd89700 20 bdev(0x55c8a7830700 /home/cranechu/ceph/build/dev/osd0/block) aio_write 0x1588000~10000 (direct)
2018-05-27 22:41:47.521 7fccffd89700 20 bdev(0x55c8a7830700 /home/cranechu/ceph/build/dev/osd0/block) _aio_log_start 0x1588000~10000
2018-05-27 22:41:47.521 7fccffd89700  5 bdev(0x55c8a7830700 /home/cranechu/ceph/build/dev/osd0/block) aio_write 0x1588000~10000 aio 0x55c8a9fbb690
2018-05-27 22:41:47.521 7fccffd89700 20 bdev(0x55c8a7830700 /home/cranechu/ceph/build/dev/osd0/block) aio_write 0x1598000~10000 (direct)
2018-05-27 22:41:47.521 7fccffd89700 20 bdev(0x55c8a7830700 /home/cranechu/ceph/build/dev/osd0/block) _aio_log_start 0x1598000~10000
2018-05-27 22:41:47.521 7fccffd89700  5 bdev(0x55c8a7830700 /home/cranechu/ceph/build/dev/osd0/block) aio_write 0x1598000~10000 aio 0x55c8a9fba3d0
2018-05-27 22:41:47.521 7fccffd89700 20 bdev(0x55c8a7830700 /home/cranechu/ceph/build/dev/osd0/block) aio_write 0x15a8000~10000 (direct)
2018-05-27 22:41:47.521 7fccffd89700 20 bdev(0x55c8a7830700 /home/cranechu/ceph/build/dev/osd0/block) _aio_log_start 0x15a8000~10000
2018-05-27 22:41:47.521 7fccffd89700  5 bdev(0x55c8a7830700 /home/cranechu/ceph/build/dev/osd0/block) aio_write 0x15a8000~10000 aio 0x55c8a9fbbcd0
2018-05-27 22:41:47.522 7fccffd89700 20 bdev(0x55c8a7830700 /home/cranechu/ceph/build/dev/osd0/block) aio_write 0x15b8000~10000 (direct)
2018-05-27 22:41:47.522 7fccffd89700 20 bdev(0x55c8a7830700 /home/cranechu/ceph/build/dev/osd0/block) _aio_log_start 0x15b8000~10000
2018-05-27 22:41:47.522 7fccffd89700  5 bdev(0x55c8a7830700 /home/cranechu/ceph/build/dev/osd0/block) aio_write 0x15b8000~10000 aio 0x55c8a9fbbb90
2018-05-27 22:41:47.522 7fccffd89700 20 bdev(0x55c8a7830700 /home/cranechu/ceph/build/dev/osd0/block) aio_write 0x15c8000~10000 (direct)
2018-05-27 22:41:47.522 7fccffd89700 20 bdev(0x55c8a7830700 /home/cranechu/ceph/build/dev/osd0/block) _aio_log_start 0x15c8000~10000
2018-05-27 22:41:47.522 7fccffd89700  5 bdev(0x55c8a7830700 /home/cranechu/ceph/build/dev/osd0/block) aio_write 0x15c8000~10000 aio 0x55c8a9fbb910
2018-05-27 22:41:47.522 7fccffd89700 20 bdev(0x55c8a7830700 /home/cranechu/ceph/build/dev/osd0/block) aio_write 0x15d8000~10000 (direct)
2018-05-27 22:41:47.522 7fccffd89700 20 bdev(0x55c8a7830700 /home/cranechu/ceph/build/dev/osd0/block) _aio_log_start 0x15d8000~10000
2018-05-27 22:41:47.522 7fccffd89700  5 bdev(0x55c8a7830700 /home/cranechu/ceph/build/dev/osd0/block) aio_write 0x15d8000~10000 aio 0x55c8a9fbb050
2018-05-27 22:41:47.522 7fccffd89700 20 bdev(0x55c8a7830700 /home/cranechu/ceph/build/dev/osd0/block) aio_write 0x15e8000~10000 (direct)
2018-05-27 22:41:47.522 7fccffd89700 20 bdev(0x55c8a7830700 /home/cranechu/ceph/build/dev/osd0/block) _aio_log_start 0x15e8000~10000
2018-05-27 22:41:47.522 7fccffd89700  5 bdev(0x55c8a7830700 /home/cranechu/ceph/build/dev/osd0/block) aio_write 0x15e8000~10000 aio 0x55c8a9fbadd0
2018-05-27 22:41:47.522 7fccffd89700 20 bdev(0x55c8a7830700 /home/cranechu/ceph/build/dev/osd0/block) aio_write 0x15f8000~10000 (direct)
2018-05-27 22:41:47.522 7fccffd89700 20 bdev(0x55c8a7830700 /home/cranechu/ceph/build/dev/osd0/block) _aio_log_start 0x15f8000~10000
2018-05-27 22:41:47.522 7fccffd89700  5 bdev(0x55c8a7830700 /home/cranechu/ceph/build/dev/osd0/block) aio_write 0x15f8000~10000 aio 0x55c8a9fbab50
2018-05-27 22:41:47.522 7fccffd89700 20 bdev(0x55c8a7830700 /home/cranechu/ceph/build/dev/osd0/block) aio_write 0x1608000~10000 (direct)
2018-05-27 22:41:47.522 7fccffd89700 20 bdev(0x55c8a7830700 /home/cranechu/ceph/build/dev/osd0/block) _aio_log_start 0x1608000~10000
2018-05-27 22:41:47.522 7fccffd89700  5 bdev(0x55c8a7830700 /home/cranechu/ceph/build/dev/osd0/block) aio_write 0x1608000~10000 aio 0x55c8a9fbb410
2018-05-27 22:41:47.522 7fccffd89700 20 bdev(0x55c8a7830700 /home/cranechu/ceph/build/dev/osd0/block) aio_write 0x1618000~10000 (direct)
2018-05-27 22:41:47.522 7fccffd89700 20 bdev(0x55c8a7830700 /home/cranechu/ceph/build/dev/osd0/block) _aio_log_start 0x1618000~10000
2018-05-27 22:41:47.522 7fccffd89700  5 bdev(0x55c8a7830700 /home/cranechu/ceph/build/dev/osd0/block) aio_write 0x1618000~10000 aio 0x55c8a9fbb190
2018-05-27 22:41:47.522 7fccffd89700 20 bdev(0x55c8a7830700 /home/cranechu/ceph/build/dev/osd0/block) aio_write 0x1628000~10000 (direct)
2018-05-27 22:41:47.522 7fccffd89700 20 bdev(0x55c8a7830700 /home/cranechu/ceph/build/dev/osd0/block) _aio_log_start 0x1628000~10000
2018-05-27 22:41:47.522 7fccffd89700  5 bdev(0x55c8a7830700 /home/cranechu/ceph/build/dev/osd0/block) aio_write 0x1628000~10000 aio 0x55c8a9fbaf10
2018-05-27 22:41:47.522 7fccffd89700 20 bdev(0x55c8a7830700 /home/cranechu/ceph/build/dev/osd0/block) aio_write 0x1638000~10000 (direct)
2018-05-27 22:41:47.522 7fccffd89700 20 bdev(0x55c8a7830700 /home/cranechu/ceph/build/dev/osd0/block) _aio_log_start 0x1638000~10000
2018-05-27 22:41:47.522 7fccffd89700  5 bdev(0x55c8a7830700 /home/cranechu/ceph/build/dev/osd0/block) aio_write 0x1638000~10000 aio 0x55c8a9fbba50
2018-05-27 22:41:47.522 7fccffd89700 20 bdev(0x55c8a7830700 /home/cranechu/ceph/build/dev/osd0/block) aio_write 0x1648000~10000 (direct)
2018-05-27 22:41:47.522 7fccffd89700 20 bdev(0x55c8a7830700 /home/cranechu/ceph/build/dev/osd0/block) _aio_log_start 0x1648000~10000
2018-05-27 22:41:47.522 7fccffd89700  5 bdev(0x55c8a7830700 /home/cranechu/ceph/build/dev/osd0/block) aio_write 0x1648000~10000 aio 0x55c8a9fba790
2018-05-27 22:41:47.522 7fccffd89700 20 bdev(0x55c8a7830700 /home/cranechu/ceph/build/dev/osd0/block) aio_write 0x1658000~10000 (direct)
2018-05-27 22:41:47.522 7fccffd89700 20 bdev(0x55c8a7830700 /home/cranechu/ceph/build/dev/osd0/block) _aio_log_start 0x1658000~10000
2018-05-27 22:41:47.522 7fccffd89700  5 bdev(0x55c8a7830700 /home/cranechu/ceph/build/dev/osd0/block) aio_write 0x1658000~10000 aio 0x55c8a9fbbe10
2018-05-27 22:41:47.522 7fccffd89700 20 bdev(0x55c8a7830700 /home/cranechu/ceph/build/dev/osd0/block) aio_write 0x1668000~10000 (direct)
2018-05-27 22:41:47.522 7fccffd89700 20 bdev(0x55c8a7830700 /home/cranechu/ceph/build/dev/osd0/block) _aio_log_start 0x1668000~10000
2018-05-27 22:41:47.522 7fccffd89700  5 bdev(0x55c8a7830700 /home/cranechu/ceph/build/dev/osd0/block) aio_write 0x1668000~10000 aio 0x55c8a9fbb550
2018-05-27 22:41:47.523 7fccffd89700 20 bdev(0x55c8a7830700 /home/cranechu/ceph/build/dev/osd0/block) aio_write 0x1678000~10000 (direct)
2018-05-27 22:41:47.523 7fccffd89700 20 bdev(0x55c8a7830700 /home/cranechu/ceph/build/dev/osd0/block) _aio_log_start 0x1678000~10000
2018-05-27 22:41:47.523 7fccffd89700  5 bdev(0x55c8a7830700 /home/cranechu/ceph/build/dev/osd0/block) aio_write 0x1678000~10000 aio 0x55c8a9fba8d0
2018-05-27 22:41:47.523 7fccffd89700 20 bdev(0x55c8a7830700 /home/cranechu/ceph/build/dev/osd0/block) aio_write 0x1688000~10000 (direct)
2018-05-27 22:41:47.523 7fccffd89700 20 bdev(0x55c8a7830700 /home/cranechu/ceph/build/dev/osd0/block) _aio_log_start 0x1688000~10000
2018-05-27 22:41:47.523 7fccffd89700  5 bdev(0x55c8a7830700 /home/cranechu/ceph/build/dev/osd0/block) aio_write 0x1688000~10000 aio 0x55c8a9fc4c90
2018-05-27 22:41:47.523 7fccffd89700 20 bdev(0x55c8a7830700 /home/cranechu/ceph/build/dev/osd0/block) aio_write 0x1698000~10000 (direct)
2018-05-27 22:41:47.523 7fccffd89700 20 bdev(0x55c8a7830700 /home/cranechu/ceph/build/dev/osd0/block) _aio_log_start 0x1698000~10000
2018-05-27 22:41:47.523 7fccffd89700  5 bdev(0x55c8a7830700 /home/cranechu/ceph/build/dev/osd0/block) aio_write 0x1698000~10000 aio 0x55c8a9fc5cd0
2018-05-27 22:41:47.523 7fccffd89700 20 bdev(0x55c8a7830700 /home/cranechu/ceph/build/dev/osd0/block) aio_write 0x16a8000~10000 (direct)
2018-05-27 22:41:47.523 7fccffd89700 20 bdev(0x55c8a7830700 /home/cranechu/ceph/build/dev/osd0/block) _aio_log_start 0x16a8000~10000
2018-05-27 22:41:47.523 7fccffd89700  5 bdev(0x55c8a7830700 /home/cranechu/ceph/build/dev/osd0/block) aio_write 0x16a8000~10000 aio 0x55c8a9fc5e10
2018-05-27 22:41:47.523 7fccffd89700 20 bdev(0x55c8a7830700 /home/cranechu/ceph/build/dev/osd0/block) aio_write 0x16b8000~10000 (direct)
2018-05-27 22:41:47.523 7fccffd89700 20 bdev(0x55c8a7830700 /home/cranechu/ceph/build/dev/osd0/block) _aio_log_start 0x16b8000~10000
2018-05-27 22:41:47.523 7fccffd89700  5 bdev(0x55c8a7830700 /home/cranechu/ceph/build/dev/osd0/block) aio_write 0x16b8000~10000 aio 0x55c8a9fc4dd0
2018-05-27 22:41:47.523 7fccffd89700 20 bdev(0x55c8a7830700 /home/cranechu/ceph/build/dev/osd0/block) aio_write 0x16c8000~10000 (direct)
2018-05-27 22:41:47.523 7fccffd89700 20 bdev(0x55c8a7830700 /home/cranechu/ceph/build/dev/osd0/block) _aio_log_start 0x16c8000~10000
2018-05-27 22:41:47.523 7fccffd89700  5 bdev(0x55c8a7830700 /home/cranechu/ceph/build/dev/osd0/block) aio_write 0x16c8000~10000 aio 0x55c8a9fc4f10
2018-05-27 22:41:47.523 7fccffd89700 20 bdev(0x55c8a7830700 /home/cranechu/ceph/build/dev/osd0/block) aio_write 0x16d8000~10000 (direct)
2018-05-27 22:41:47.523 7fccffd89700 20 bdev(0x55c8a7830700 /home/cranechu/ceph/build/dev/osd0/block) _aio_log_start 0x16d8000~10000
2018-05-27 22:41:47.523 7fccffd89700  5 bdev(0x55c8a7830700 /home/cranechu/ceph/build/dev/osd0/block) aio_write 0x16d8000~10000 aio 0x55c8a9fc5050
2018-05-27 22:41:47.523 7fccffd89700 20 bdev(0x55c8a7830700 /home/cranechu/ceph/build/dev/osd0/block) aio_write 0x16e8000~10000 (direct)
2018-05-27 22:41:47.523 7fccffd89700 20 bdev(0x55c8a7830700 /home/cranechu/ceph/build/dev/osd0/block) _aio_log_start 0x16e8000~10000
2018-05-27 22:41:47.523 7fccffd89700  5 bdev(0x55c8a7830700 /home/cranechu/ceph/build/dev/osd0/block) aio_write 0x16e8000~10000 aio 0x55c8a9fc5190
2018-05-27 22:41:47.523 7fccffd89700 20 bdev(0x55c8a7830700 /home/cranechu/ceph/build/dev/osd0/block) aio_write 0x16f8000~10000 (direct)
2018-05-27 22:41:47.523 7fccffd89700 20 bdev(0x55c8a7830700 /home/cranechu/ceph/build/dev/osd0/block) _aio_log_start 0x16f8000~10000
2018-05-27 22:41:47.523 7fccffd89700  5 bdev(0x55c8a7830700 /home/cranechu/ceph/build/dev/osd0/block) aio_write 0x16f8000~10000 aio 0x55c8a9f8ab50
2018-05-27 22:41:47.523 7fccffd89700 20 bdev(0x55c8a7830700 /home/cranechu/ceph/build/dev/osd0/block) aio_write 0x1708000~10000 (direct)
2018-05-27 22:41:47.523 7fccffd89700 20 bdev(0x55c8a7830700 /home/cranechu/ceph/build/dev/osd0/block) _aio_log_start 0x1708000~10000
2018-05-27 22:41:47.523 7fccffd89700  5 bdev(0x55c8a7830700 /home/cranechu/ceph/build/dev/osd0/block) aio_write 0x1708000~10000 aio 0x55c8a9f8aa10
2018-05-27 22:41:47.523 7fccffd89700 20 bdev(0x55c8a7830700 /home/cranechu/ceph/build/dev/osd0/block) aio_write 0x1718000~10000 (direct)
2018-05-27 22:41:47.523 7fccffd89700 20 bdev(0x55c8a7830700 /home/cranechu/ceph/build/dev/osd0/block) _aio_log_start 0x1718000~10000
2018-05-27 22:41:47.523 7fccffd89700  5 bdev(0x55c8a7830700 /home/cranechu/ceph/build/dev/osd0/block) aio_write 0x1718000~10000 aio 0x55c8a9f8be10
2018-05-27 22:41:47.523 7fccffd89700 20 bdev(0x55c8a7830700 /home/cranechu/ceph/build/dev/osd0/block) aio_write 0x1728000~10000 (direct)
2018-05-27 22:41:47.523 7fccffd89700 20 bdev(0x55c8a7830700 /home/cranechu/ceph/build/dev/osd0/block) _aio_log_start 0x1728000~10000
2018-05-27 22:41:47.523 7fccffd89700  5 bdev(0x55c8a7830700 /home/cranechu/ceph/build/dev/osd0/block) aio_write 0x1728000~10000 aio 0x55c8a9f8a510
2018-05-27 22:41:47.523 7fccffd89700 20 bdev(0x55c8a7830700 /home/cranechu/ceph/build/dev/osd0/block) aio_write 0x1738000~10000 (direct)
2018-05-27 22:41:47.523 7fccffd89700 20 bdev(0x55c8a7830700 /home/cranechu/ceph/build/dev/osd0/block) _aio_log_start 0x1738000~10000
2018-05-27 22:41:47.523 7fccffd89700  5 bdev(0x55c8a7830700 /home/cranechu/ceph/build/dev/osd0/block) aio_write 0x1738000~10000 aio 0x55c8a9f8b410
2018-05-27 22:41:47.523 7fccffd89700 20 bdev(0x55c8a7830700 /home/cranechu/ceph/build/dev/osd0/block) aio_write 0x1748000~10000 (direct)
2018-05-27 22:41:47.523 7fccffd89700 20 bdev(0x55c8a7830700 /home/cranechu/ceph/build/dev/osd0/block) _aio_log_start 0x1748000~10000
2018-05-27 22:41:47.523 7fccffd89700  5 bdev(0x55c8a7830700 /home/cranechu/ceph/build/dev/osd0/block) aio_write 0x1748000~10000 aio 0x55c8a9f8b2d0
2018-05-27 22:41:47.524 7fccffd89700 20 bdev(0x55c8a7830700 /home/cranechu/ceph/build/dev/osd0/block) aio_write 0x1758000~4000 (direct)
2018-05-27 22:41:47.524 7fccffd89700 20 bdev(0x55c8a7830700 /home/cranechu/ceph/build/dev/osd0/block) _aio_log_start 0x1758000~4000
2018-05-27 22:41:47.524 7fccffd89700  5 bdev(0x55c8a7830700 /home/cranechu/ceph/build/dev/osd0/block) aio_write 0x1758000~4000 aio 0x55c8a9f8a3d0
2018-05-27 22:41:47.524 7fccffd89700 10 freelist allocate 0x1578000~1e4000
2018-05-27 22:41:47.524 7fccffd89700 20 freelist _xor first_key 0x1400000 last_key 0x1600000
2018-05-27 22:41:47.524 7fccffd89700 10 freelist release 0x1394000~1e4000
2018-05-27 22:41:47.524 7fccffd89700 20 freelist _xor first_key 0x1200000 last_key 0x1400000
2018-05-27 22:41:47.524 7fccffd89700 20 bdev(0x55c8a7830700 /home/cranechu/ceph/build/dev/osd0/block) aio_submit ioc 0x55c8aa0da4f0 pending 31 running 0
2018-05-27 22:41:47.525 7fccffd89700 10 osd.0 20 dequeue_op 0x55c8aadc0a80 finish
2018-05-27 22:41:47.525 7fccffd89700 20 osd.0 op_wq(3) _process empty q, waiting
2018-05-27 22:41:47.529 7fcd1c5c2700 20 bdev(0x55c8a7830700 /home/cranechu/ceph/build/dev/osd0/block) _aio_log_finish 1 0x1578000~10000
2018-05-27 22:41:47.529 7fcd1c5c2700 10 bdev(0x55c8a7830700 /home/cranechu/ceph/build/dev/osd0/block) _aio_thread finished aio 0x55c8a7a80510 r 65536 ioc 0x55c8aa0da4f0 with 30 aios left
2018-05-27 22:41:47.529 7fcd1c5c2700 20 bdev(0x55c8a7830700 /home/cranechu/ceph/build/dev/osd0/block) _aio_log_finish 1 0x1588000~10000
2018-05-27 22:41:47.529 7fcd1c5c2700 10 bdev(0x55c8a7830700 /home/cranechu/ceph/build/dev/osd0/block) _aio_thread finished aio 0x55c8a9fbb690 r 65536 ioc 0x55c8aa0da4f0 with 29 aios left
2018-05-27 22:41:47.531 7fcd1c5c2700 20 bdev(0x55c8a7830700 /home/cranechu/ceph/build/dev/osd0/block) _aio_log_finish 1 0x1598000~10000
2018-05-27 22:41:47.531 7fcd1c5c2700 10 bdev(0x55c8a7830700 /home/cranechu/ceph/build/dev/osd0/block) _aio_thread finished aio 0x55c8a9fba3d0 r 65536 ioc 0x55c8aa0da4f0 with 28 aios left
2018-05-27 22:41:47.531 7fcd1c5c2700 20 bdev(0x55c8a7830700 /home/cranechu/ceph/build/dev/osd0/block) _aio_log_finish 1 0x15a8000~10000
2018-05-27 22:41:47.531 7fcd1c5c2700 10 bdev(0x55c8a7830700 /home/cranechu/ceph/build/dev/osd0/block) _aio_thread finished aio 0x55c8a9fbbcd0 r 65536 ioc 0x55c8aa0da4f0 with 27 aios left
2018-05-27 22:41:47.531 7fcd1c5c2700 20 bdev(0x55c8a7830700 /home/cranechu/ceph/build/dev/osd0/block) _aio_log_finish 1 0x15b8000~10000
2018-05-27 22:41:47.531 7fcd1c5c2700 10 bdev(0x55c8a7830700 /home/cranechu/ceph/build/dev/osd0/block) _aio_thread finished aio 0x55c8a9fbbb90 r 65536 ioc 0x55c8aa0da4f0 with 26 aios left
2018-05-27 22:41:47.531 7fcd1c5c2700 20 bdev(0x55c8a7830700 /home/cranechu/ceph/build/dev/osd0/block) _aio_log_finish 1 0x15c8000~10000
2018-05-27 22:41:47.531 7fcd1c5c2700 10 bdev(0x55c8a7830700 /home/cranechu/ceph/build/dev/osd0/block) _aio_thread finished aio 0x55c8a9fbb910 r 65536 ioc 0x55c8aa0da4f0 with 25 aios left
2018-05-27 22:41:47.531 7fcd1c5c2700 20 bdev(0x55c8a7830700 /home/cranechu/ceph/build/dev/osd0/block) _aio_log_finish 1 0x15d8000~10000
2018-05-27 22:41:47.531 7fcd1c5c2700 10 bdev(0x55c8a7830700 /home/cranechu/ceph/build/dev/osd0/block) _aio_thread finished aio 0x55c8a9fbb050 r 65536 ioc 0x55c8aa0da4f0 with 24 aios left
2018-05-27 22:41:47.531 7fcd1c5c2700 20 bdev(0x55c8a7830700 /home/cranechu/ceph/build/dev/osd0/block) _aio_log_finish 1 0x15e8000~10000
2018-05-27 22:41:47.531 7fcd1c5c2700 10 bdev(0x55c8a7830700 /home/cranechu/ceph/build/dev/osd0/block) _aio_thread finished aio 0x55c8a9fbadd0 r 65536 ioc 0x55c8aa0da4f0 with 23 aios left
2018-05-27 22:41:47.531 7fcd1c5c2700 20 bdev(0x55c8a7830700 /home/cranechu/ceph/build/dev/osd0/block) _aio_log_finish 1 0x15f8000~10000
2018-05-27 22:41:47.531 7fcd1c5c2700 10 bdev(0x55c8a7830700 /home/cranechu/ceph/build/dev/osd0/block) _aio_thread finished aio 0x55c8a9fbab50 r 65536 ioc 0x55c8aa0da4f0 with 22 aios left
2018-05-27 22:41:47.531 7fcd1c5c2700 20 bdev(0x55c8a7830700 /home/cranechu/ceph/build/dev/osd0/block) _aio_log_finish 1 0x1608000~10000
2018-05-27 22:41:47.531 7fcd1c5c2700 10 bdev(0x55c8a7830700 /home/cranechu/ceph/build/dev/osd0/block) _aio_thread finished aio 0x55c8a9fbb410 r 65536 ioc 0x55c8aa0da4f0 with 21 aios left
2018-05-27 22:41:47.531 7fcd1c5c2700 20 bdev(0x55c8a7830700 /home/cranechu/ceph/build/dev/osd0/block) _aio_log_finish 1 0x1618000~10000
2018-05-27 22:41:47.531 7fcd1c5c2700 10 bdev(0x55c8a7830700 /home/cranechu/ceph/build/dev/osd0/block) _aio_thread finished aio 0x55c8a9fbb190 r 65536 ioc 0x55c8aa0da4f0 with 20 aios left
2018-05-27 22:41:47.531 7fcd1c5c2700 20 bdev(0x55c8a7830700 /home/cranechu/ceph/build/dev/osd0/block) _aio_log_finish 1 0x1628000~10000
2018-05-27 22:41:47.531 7fcd1c5c2700 10 bdev(0x55c8a7830700 /home/cranechu/ceph/build/dev/osd0/block) _aio_thread finished aio 0x55c8a9fbaf10 r 65536 ioc 0x55c8aa0da4f0 with 19 aios left
2018-05-27 22:41:47.531 7fcd1c5c2700 20 bdev(0x55c8a7830700 /home/cranechu/ceph/build/dev/osd0/block) _aio_log_finish 1 0x1638000~10000
2018-05-27 22:41:47.531 7fcd1c5c2700 10 bdev(0x55c8a7830700 /home/cranechu/ceph/build/dev/osd0/block) _aio_thread finished aio 0x55c8a9fbba50 r 65536 ioc 0x55c8aa0da4f0 with 18 aios left
2018-05-27 22:41:47.531 7fcd1c5c2700 20 bdev(0x55c8a7830700 /home/cranechu/ceph/build/dev/osd0/block) _aio_log_finish 1 0x1648000~10000
2018-05-27 22:41:47.531 7fcd1c5c2700 10 bdev(0x55c8a7830700 /home/cranechu/ceph/build/dev/osd0/block) _aio_thread finished aio 0x55c8a9fba790 r 65536 ioc 0x55c8aa0da4f0 with 17 aios left
2018-05-27 22:41:47.531 7fcd1c5c2700 20 bdev(0x55c8a7830700 /home/cranechu/ceph/build/dev/osd0/block) _aio_log_finish 1 0x1658000~10000
2018-05-27 22:41:47.531 7fcd1c5c2700 10 bdev(0x55c8a7830700 /home/cranechu/ceph/build/dev/osd0/block) _aio_thread finished aio 0x55c8a9fbbe10 r 65536 ioc 0x55c8aa0da4f0 with 16 aios left
2018-05-27 22:41:47.531 7fcd1c5c2700 20 bdev(0x55c8a7830700 /home/cranechu/ceph/build/dev/osd0/block) _aio_log_finish 1 0x1668000~10000
2018-05-27 22:41:47.531 7fcd1c5c2700 10 bdev(0x55c8a7830700 /home/cranechu/ceph/build/dev/osd0/block) _aio_thread finished aio 0x55c8a9fbb550 r 65536 ioc 0x55c8aa0da4f0 with 15 aios left
2018-05-27 22:41:47.531 7fcd1c5c2700 20 bdev(0x55c8a7830700 /home/cranechu/ceph/build/dev/osd0/block) _aio_log_finish 1 0x1678000~10000
2018-05-27 22:41:47.531 7fcd1c5c2700 10 bdev(0x55c8a7830700 /home/cranechu/ceph/build/dev/osd0/block) _aio_thread finished aio 0x55c8a9fba8d0 r 65536 ioc 0x55c8aa0da4f0 with 14 aios left
2018-05-27 22:41:47.531 7fcd1c5c2700 20 bdev(0x55c8a7830700 /home/cranechu/ceph/build/dev/osd0/block) _aio_log_finish 1 0x1688000~10000
2018-05-27 22:41:47.531 7fcd1c5c2700 10 bdev(0x55c8a7830700 /home/cranechu/ceph/build/dev/osd0/block) _aio_thread finished aio 0x55c8a9fc4c90 r 65536 ioc 0x55c8aa0da4f0 with 13 aios left
2018-05-27 22:41:47.531 7fcd1c5c2700 20 bdev(0x55c8a7830700 /home/cranechu/ceph/build/dev/osd0/block) _aio_log_finish 1 0x1698000~10000
2018-05-27 22:41:47.531 7fcd1c5c2700 10 bdev(0x55c8a7830700 /home/cranechu/ceph/build/dev/osd0/block) _aio_thread finished aio 0x55c8a9fc5cd0 r 65536 ioc 0x55c8aa0da4f0 with 12 aios left
2018-05-27 22:41:47.531 7fcd1c5c2700 20 bdev(0x55c8a7830700 /home/cranechu/ceph/build/dev/osd0/block) _aio_log_finish 1 0x16a8000~10000
2018-05-27 22:41:47.531 7fcd1c5c2700 10 bdev(0x55c8a7830700 /home/cranechu/ceph/build/dev/osd0/block) _aio_thread finished aio 0x55c8a9fc5e10 r 65536 ioc 0x55c8aa0da4f0 with 11 aios left
2018-05-27 22:41:47.531 7fcd1c5c2700 20 bdev(0x55c8a7830700 /home/cranechu/ceph/build/dev/osd0/block) _aio_log_finish 1 0x16b8000~10000
2018-05-27 22:41:47.531 7fcd1c5c2700 10 bdev(0x55c8a7830700 /home/cranechu/ceph/build/dev/osd0/block) _aio_thread finished aio 0x55c8a9fc4dd0 r 65536 ioc 0x55c8aa0da4f0 with 10 aios left
2018-05-27 22:41:47.531 7fcd1c5c2700 20 bdev(0x55c8a7830700 /home/cranechu/ceph/build/dev/osd0/block) _aio_log_finish 1 0x16c8000~10000
2018-05-27 22:41:47.531 7fcd1c5c2700 10 bdev(0x55c8a7830700 /home/cranechu/ceph/build/dev/osd0/block) _aio_thread finished aio 0x55c8a9fc4f10 r 65536 ioc 0x55c8aa0da4f0 with 9 aios left
2018-05-27 22:41:47.532 7fcd1c5c2700 20 bdev(0x55c8a7830700 /home/cranechu/ceph/build/dev/osd0/block) _aio_log_finish 1 0x16d8000~10000
2018-05-27 22:41:47.532 7fcd1c5c2700 10 bdev(0x55c8a7830700 /home/cranechu/ceph/build/dev/osd0/block) _aio_thread finished aio 0x55c8a9fc5050 r 65536 ioc 0x55c8aa0da4f0 with 8 aios left
2018-05-27 22:41:47.532 7fcd1c5c2700 20 bdev(0x55c8a7830700 /home/cranechu/ceph/build/dev/osd0/block) _aio_log_finish 1 0x16e8000~10000
2018-05-27 22:41:47.532 7fcd1c5c2700 10 bdev(0x55c8a7830700 /home/cranechu/ceph/build/dev/osd0/block) _aio_thread finished aio 0x55c8a9fc5190 r 65536 ioc 0x55c8aa0da4f0 with 7 aios left
2018-05-27 22:41:47.532 7fcd1c5c2700 20 bdev(0x55c8a7830700 /home/cranechu/ceph/build/dev/osd0/block) _aio_log_finish 1 0x16f8000~10000
2018-05-27 22:41:47.532 7fcd1c5c2700 10 bdev(0x55c8a7830700 /home/cranechu/ceph/build/dev/osd0/block) _aio_thread finished aio 0x55c8a9f8ab50 r 65536 ioc 0x55c8aa0da4f0 with 6 aios left
2018-05-27 22:41:47.532 7fcd1c5c2700 20 bdev(0x55c8a7830700 /home/cranechu/ceph/build/dev/osd0/block) _aio_log_finish 1 0x1708000~10000
2018-05-27 22:41:47.532 7fcd1c5c2700 10 bdev(0x55c8a7830700 /home/cranechu/ceph/build/dev/osd0/block) _aio_thread finished aio 0x55c8a9f8aa10 r 65536 ioc 0x55c8aa0da4f0 with 5 aios left
2018-05-27 22:41:47.532 7fcd1c5c2700 20 bdev(0x55c8a7830700 /home/cranechu/ceph/build/dev/osd0/block) _aio_log_finish 1 0x1718000~10000
2018-05-27 22:41:47.532 7fcd1c5c2700 10 bdev(0x55c8a7830700 /home/cranechu/ceph/build/dev/osd0/block) _aio_thread finished aio 0x55c8a9f8be10 r 65536 ioc 0x55c8aa0da4f0 with 4 aios left
2018-05-27 22:41:47.532 7fcd1c5c2700 20 bdev(0x55c8a7830700 /home/cranechu/ceph/build/dev/osd0/block) _aio_log_finish 1 0x1728000~10000
2018-05-27 22:41:47.532 7fcd1c5c2700 10 bdev(0x55c8a7830700 /home/cranechu/ceph/build/dev/osd0/block) _aio_thread finished aio 0x55c8a9f8a510 r 65536 ioc 0x55c8aa0da4f0 with 3 aios left
2018-05-27 22:41:47.532 7fcd1c5c2700 20 bdev(0x55c8a7830700 /home/cranechu/ceph/build/dev/osd0/block) _aio_log_finish 1 0x1738000~10000
2018-05-27 22:41:47.532 7fcd1c5c2700 10 bdev(0x55c8a7830700 /home/cranechu/ceph/build/dev/osd0/block) _aio_thread finished aio 0x55c8a9f8b410 r 65536 ioc 0x55c8aa0da4f0 with 2 aios left
2018-05-27 22:41:47.532 7fcd1c5c2700 20 bdev(0x55c8a7830700 /home/cranechu/ceph/build/dev/osd0/block) _aio_log_finish 1 0x1748000~10000
2018-05-27 22:41:47.532 7fcd1c5c2700 10 bdev(0x55c8a7830700 /home/cranechu/ceph/build/dev/osd0/block) _aio_thread finished aio 0x55c8a9f8b2d0 r 65536 ioc 0x55c8aa0da4f0 with 1 aios left
2018-05-27 22:41:47.532 7fcd1c5c2700 20 bdev(0x55c8a7830700 /home/cranechu/ceph/build/dev/osd0/block) _aio_log_finish 1 0x1758000~4000
2018-05-27 22:41:47.532 7fcd1c5c2700 10 bdev(0x55c8a7830700 /home/cranechu/ceph/build/dev/osd0/block) _aio_thread finished aio 0x55c8a9f8a3d0 r 16384 ioc 0x55c8aa0da4f0 with 0 aios left
2018-05-27 22:41:47.532 7fcd11dad700 10 bdev(0x55c8a7830700 /home/cranechu/ceph/build/dev/osd0/block) flush start
2018-05-27 22:41:47.541 7fcd11dad700  5 bdev(0x55c8a7830700 /home/cranechu/ceph/build/dev/osd0/block) flush in 0.009112
2018-05-27 22:41:47.541 7fcd11dad700 20 bdev aio_wait 0x55c8a7ae9450 done
2018-05-27 22:41:47.541 7fcd11dad700 20 bdev aio_wait 0x55c8a7ae9520 done
2018-05-27 22:41:47.541 7fcd11dad700 20 bdev aio_wait 0x55c8a7ae95f0 done
2018-05-27 22:41:47.541 7fcd11dad700 20 bdev(0x55c8a7831180 /home/cranechu/ceph/build/dev/osd0/block.wal.file) aio_write 0x542000~4000 (buffered)
2018-05-27 22:41:47.541 7fcd11dad700 20 bdev(0x55c8a7831180 /home/cranechu/ceph/build/dev/osd0/block.wal.file) _aio_log_start 0x542000~4000
2018-05-27 22:41:47.541 7fcd11dad700  5 bdev(0x55c8a7831180 /home/cranechu/ceph/build/dev/osd0/block.wal.file) _sync_write 0x542000~4000 buffered
2018-05-27 22:41:47.541 7fcd11dad700 20 bdev(0x55c8a7831180 /home/cranechu/ceph/build/dev/osd0/block.wal.file) _aio_log_finish 1 0x542000~4000
2018-05-27 22:41:47.541 7fcd11dad700 20 bdev aio_wait 0x55c8a7ae9450 done
2018-05-27 22:41:47.541 7fcd11dad700 20 bdev aio_wait 0x55c8a7ae9520 done
2018-05-27 22:41:47.541 7fcd11dad700 20 bdev aio_wait 0x55c8a7ae95f0 done
2018-05-27 22:41:47.541 7fcd11dad700 10 bdev(0x55c8a7831180 /home/cranechu/ceph/build/dev/osd0/block.wal.file) flush start
2018-05-27 22:41:47.547 7fcd11dad700  5 bdev(0x55c8a7831180 /home/cranechu/ceph/build/dev/osd0/block.wal.file) flush in 0.005893
2018-05-27 22:41:47.547 7fcd11dad700 20 bdev(0x55c8a7831180 /home/cranechu/ceph/build/dev/osd0/block.wal.file) aio_write 0x158000~1000 (direct)
2018-05-27 22:41:47.547 7fcd11dad700 20 bdev(0x55c8a7831180 /home/cranechu/ceph/build/dev/osd0/block.wal.file) aio_write rebuilding buffer to be a